2024-06-25 13:51:47,372 [INFO] - L'affixe : (nan) n'existe pas dans la base de données.

2024-06-25 13:51:47,486 [WARNING] - Le vétérinaire (textboxsample textboxsample) n'existe pas dans la base de données.
2024-06-25 13:51:47,528 [WARNING] - Le propriétaire (BOB textboxsample) n'existe pas dans la base de données.
2024-06-25 13:51:47,528 [INFO] - L'affixe : (textbox_sample23) n'existe pas dans la base de données.

2024-06-25 13:51:47,630 [INFO] - Le vétérinaire (ABADIE Jérôme) existe déjà dans la base de données.
2024-06-25 13:51:47,669 [WARNING] - Le propriétaire (ABADIE Jérôme) n'existe pas dans la base de données.
2024-06-25 13:51:47,670 [INFO] - L'affixe : (textbox_sample23) n'existe pas dans la base de données.

2024-06-25 13:51:47,757 [WARNING] - Le vétérinaire (ATM Rama) n'existe pas dans la base de données.
2024-06-25 13:51:47,796 [WARNING] - Le propriétaire (well Erwan) n'existe pas dans la base de données.
2024-06-25 13:51:47,797 [INFO] - L'affixe : (aiga vivaa ) n'existe pas dans la base de données, mais peut correspondre à (Aiga Viva) avec une similarité de 94.12%.

2024-06-25 13:51:47,832 [INFO] - L'affixe : (nan) n'existe pas dans la base de données.

2024-06-25 13:51:47,864 [WARNING] - Le vétérinaire (Christophe Blede) n'existe pas dans la base de données.
2024-06-25 13:51:47,903 [WARNING] - Le Le propriétaire (susan Cure) semble avoir le nom/prénom inversés dans la base de données.
2024-06-25 13:51:47,904 [INFO] - L'affixe : (Aghnadarragh) existe déjà dans la base de données sous le nom : (Aghnadarragh)

2024-06-25 13:51:47,933 [INFO] - Le vétérinaire (Griffe Emmanuel) existe déjà dans la base de données.
2024-06-25 13:51:47,969 [INFO] - Le propriétaire (Ruy Lucile) existe déjà dans la base de données.
2024-06-25 13:51:47,969 [INFO] - L'affixe : (Aiga Viva) existe déjà dans la base de données sous le nom : (Aiga Viva)

2024-06-25 13:51:48,070 [WARNING] - Le vétérinaire (CHALHOUB Rafi) n'existe pas dans la base de données.
2024-06-25 13:51:48,109 [WARNING] - Le propriétaire (KOUAKOU Lou) n'existe pas dans la base de données.
2024-06-25 13:51:48,110 [INFO] - L'affixe : (Ferme d'or vert) n'existe pas dans la base de données, mais peut correspondre à (De L'Or Vert) avec une similarité de 69.57%.

2024-06-25 13:51:48,214 [WARNING] - Le vétérinaire (textbox textboxu) n'existe pas dans la base de données.
2024-06-25 13:51:48,253 [WARNING] - Le propriétaire (textbox textbox) n'existe pas dans la base de données.
2024-06-25 13:51:48,254 [INFO] - La puce 12345678910.0 de textbox_sample20 a 12 caractères. Numéro de ligne dans file_jotform : 9.

2024-06-25 13:51:48,358 [WARNING] - Le vétérinaire (tex tex) n'existe pas dans la base de données.
2024-06-25 13:51:48,397 [WARNING] - Le propriétaire (Test test) n'existe pas dans la base de données.
2024-06-25 13:51:48,398 [INFO] - La puce 12345678910.0 de textbox_sample20 a 12 caractères. Numéro de ligne dans file_jotform : 10.

2024-06-25 13:51:48,503 [WARNING] - Le vétérinaire (textboxsample textboxample) n'existe pas dans la base de données.
2024-06-25 13:51:48,546 [WARNING] - Le propriétaire (textboxsample textboxsample) n'existe pas dans la base de données.
2024-06-25 13:51:48,546 [INFO] - La puce 12345678910.0 de textboxsample a 12 caractères. Numéro de ligne dans file_jotform : 11.

2024-06-25 13:51:48,651 [WARNING] - Le vétérinaire (textboxsample textboxsample) n'existe pas dans la base de données.
2024-06-25 13:51:48,690 [WARNING] - Le propriétaire (textboxsample textboxsample) n'existe pas dans la base de données.
2024-06-25 13:51:48,691 [INFO] - La puce 12345678910.0 de textbox_sample20 a 12 caractères. Numéro de ligne dans file_jotform : 12.

2024-06-25 13:51:48,901 [WARNING] - Le chien (Youki) n'existe pas dans la base de données.
2024-06-25 13:51:49,112 [WARNING] - Le chien (textbox_sample20) n'existe pas dans la base de données.
2024-06-25 13:51:49,321 [WARNING] - Le chien (Jérôme) n'existe pas dans la base de données.
2024-06-25 13:51:49,530 [WARNING] - Le chien (chico) n'existe pas dans la base de données.
2024-06-25 13:51:49,531 [INFO] - Le chien (Rosa Bella) existe dans la base de données.
2024-06-25 13:51:49,531 [INFO] - Le chien (Darwin) existe dans la base de données.
2024-06-25 13:51:49,531 [INFO] - Le chien (Mitsio) existe dans la base de données.
2024-06-25 13:51:49,740 [WARNING] - Le chien (chapi) n'existe pas dans la base de données.
2024-06-25 13:51:49,949 [WARNING] - Le chien (textbox_sample20) n'existe pas dans la base de données.
2024-06-25 13:51:50,158 [WARNING] - Le chien (textbox_sample20) n'existe pas dans la base de données.
2024-06-25 13:51:50,366 [WARNING] - Le chien (textboxsample) n'existe pas dans la base de données.
2024-06-25 13:51:50,576 [WARNING] - Le chien (textbox_sample20) n'existe pas dans la base de données.
